#
# A fatal error has been detected by the Java Runtime Environment:
#
#  Internal Error (classFileParser.cpp:3375), pid=1784, tid=6524
#  Error: ShouldNotReachHere()
#
# JRE version: 6.0_24-b07
# Java VM: Java HotSpot(TM) 64-Bit Server VM (19.1-b02 mixed mode windows-amd64 compressed oops)
# If you would like to submit a bug report, please visit:
#   http://java.sun.com/webapps/bugreport/crash.jsp
#

---------------  T H R E A D  ---------------

Current thread (0x00000000005bc000):  JavaThread "Unknown thread" [_thread_in_vm, id=6524, stack(0x00000000025a0000,0x00000000026a0000)]

Stack: [0x00000000025a0000,0x00000000026a0000]
[error occurred during error reporting (printing stack bounds), id 0xc0000005]


---------------  P R O C E S S  ---------------

Java Threads: ( => current thread )

Other Threads:

=>0x00000000005bc000 (exited) JavaThread "Unknown thread" [_thread_in_vm, id=6524, stack(0x00000000025a0000,0x00000000026a0000)]

VM state:not at safepoint (not fully initialized)

VM Mutex/Monitor currently owned by a thread: None

Dynamic libraries:
0x0000000000400000 - 0x000000000042e000 	C:\Program Files\Java\jre6\bin\javaw.exe
0x0000000077870000 - 0x0000000077a1c000 	C:\windows\SYSTEM32\ntdll.dll
0x0000000077750000 - 0x000000007786f000 	C:\windows\system32\kernel32.dll
0x000007fefd8e0000 - 0x000007fefd94c000 	C:\windows\system32\KERNELBASE.dll
0x000007fefe110000 - 0x000007fefe1eb000 	C:\windows\system32\ADVAPI32.dll
0x000007fefeb10000 - 0x000007fefebaf000 	C:\windows\system32\msvcrt.dll
0x000007fefe5e0000 - 0x000007fefe5ff000 	C:\windows\SYSTEM32\sechost.dll
0x000007fefe9e0000 - 0x000007fefeb0e000 	C:\windows\system32\RPCRT4.dll
0x0000000077650000 - 0x000000007774a000 	C:\windows\system32\USER32.dll
0x000007feffa70000 - 0x000007feffad7000 	C:\windows\system32\GDI32.dll
0x000007fefe9a0000 - 0x000007fefe9ae000 	C:\windows\system32\LPK.dll
0x000007fefdd40000 - 0x000007fefde0a000 	C:\windows\system32\USP10.dll
0x000007fefe9b0000 - 0x000007fefe9de000 	C:\windows\system32\IMM32.DLL
0x000007fefdba0000 - 0x000007fefdca9000 	C:\windows\system32\MSCTF.dll
0x0000000022260000 - 0x0000000022364000 	C:\Program Files\CheckPoint\ZAForceField\Plugins\ISWSHEX.dll
0x0000000075080000 - 0x0000000075149000 	C:\windows\WinSxS\amd64_microsoft.vc80.crt_1fc8b3b9a1e18e3b_8.0.50727.4927_none_88dce9872fb18caf\MSVCR80.dll
0x000007fefdb60000 - 0x000007fefdb99000 	C:\windows\system32\WINTRUST.dll
0x000007fefd950000 - 0x000007fefdaba000 	C:\windows\system32\CRYPT32.dll
0x000007fefd870000 - 0x000007fefd87f000 	C:\windows\system32\MSASN1.dll
0x0000000072850000 - 0x0000000072959000 	C:\windows\WinSxS\amd64_microsoft.vc80.crt_1fc8b3b9a1e18e3b_8.0.50727.4927_none_88dce9872fb18caf\MSVCP80.dll
0x000007fefe3d0000 - 0x000007fefe5d2000 	C:\windows\system32\ole32.dll
0x000007fefbd70000 - 0x000007fefbd9d000 	C:\windows\system32\ntmarta.dll
0x000007fefe0c0000 - 0x000007fefe110000 	C:\windows\system32\WLDAP32.dll
0x000000006d7f0000 - 0x000000006def4000 	C:\Program Files\Java\jre6\bin\server\jvm.dll
0x000007fefbee0000 - 0x000007fefbf1b000 	C:\windows\system32\WINMM.dll
0x000000006d760000 - 0x000000006d76e000 	C:\Program Files\Java\jre6\bin\verify.dll
0x000000006d3b0000 - 0x000000006d3d7000 	C:\Program Files\Java\jre6\bin\java.dll
0x000000006d310000 - 0x000000006d31a000 	C:\Program Files\Java\jre6\bin\hpi.dll
0x0000000077a30000 - 0x0000000077a37000 	C:\windows\system32\PSAPI.DLL
0x000000006d7b0000 - 0x000000006d7c2000 	C:\Program Files\Java\jre6\bin\zip.dll

VM Arguments:
jvm_args: -Dfile.encoding=Cp1252 -Xbootclasspath:C:\Users\Patrick\ADT\adt-bundle-windows-x86_64-20131030\sdk\platforms\android-19\android.jar 
java_command: org.eclipse.jdt.internal.junit.runner.RemoteTestRunner -version 3 -port 50158 -testLoaderClass org.eclipse.jdt.internal.junit.runner.junit3.JUnit3TestLoader -loaderpluginname org.eclipse.jdt.junit.runtime -classNames com.example.sw14.test.CalculationTest
Launcher Type: SUN_STANDARD

Environment Variables:
PATH=C:\Program Files\Common Files\Microsoft Shared\Windows Live;C:\windows\system32;C:\windows;C:\windows\System32\Wbem;C:\windows\System32\WindowsPowerShell\v1.0\;c:\Program Files (x86)\Common Files\Roxio Shared\DLLShared\;c:\Program Files (x86)\Common Files\Roxio Shared\10.0\DLLShared\;c:\Program Files\Hewlett-Packard\Drive Encryption\;C:\Program Files\WIDCOMM\Bluetooth Software\;C:\Program Files\WIDCOMM\Bluetooth Software\syswow64;C:\Program Files\Broadcom\Broadcom 802.11\Driver;C:\Program Files\MATLAB\R2010a\runtime\win64;C:\Program Files\MATLAB\R2010a\bin;C:\Program Files\TortoiseSVN\bin;C:\jcute\;C:\Program Files (x86)\Java\jdk1.6.0_25\bin;C:\Users\Patrick\mujava\openjava.jar;C:\Users\Patrick\mujava\mujava.jar;C:\Users\Patrick\mujava\classes;C:\jcute\;C:\Program Files\Java\jdk1.7.0_51\lib\tools.jar;C:\Users\Patrick\AppData\Local\GitHub\PortableGit_fed20eba68b3e238e49a47cdfed0a45783d93651\cmd
USERNAME=Patrick
OS=Windows_NT
PROCESSOR_IDENTIFIER=Intel64 Family 6 Model 37 Stepping 5, GenuineIntel



---------------  S Y S T E M  ---------------

OS: Windows 7 Build 7600 

CPU:total 4 (2 cores per cpu, 2 threads per core) family 6 model 37 stepping 5, cmov, cx8, fxsr, mmx, sse, sse2, sse3, ssse3, sse4.1, sse4.2, popcnt, ht

Memory: 4k page, physical 3980728k(985300k free), swap 7959548k(3511588k free)

vm_info: Java HotSpot(TM) 64-Bit Server VM (19.1-b02) for windows-amd64 JRE (1.6.0_24-b07), built on Feb  2 2011 16:25:45 by "java_re" with MS VC++ 8.0 (VS2005)

time: Fri Jan 31 14:18:49 2014
elapsed time: 0 seconds

